<?xml version="1.0" encoding="UTF-8"?>
<!-- Generated by org.testng.reporters.JUnitReportReporter -->
<testsuite hostname="DESKTOP-EI8SEET" failures="0" tests="1" name="com.example.LoginTest" time="0.048" errors="0" timestamp="2021-07-21T15:15:53 IST" skipped="0">
  <testcase classname="com.example.LoginTest" name="testFindMax" time="0.048"/>
  <system-out/>
</testsuite> <!-- com.example.LoginTest -->
